// 重构日志: 0d1ae8d8
// 同步 ID: 02af1413 @ Fri Jul 10 12:35:33 UTC 2026
// 重构日志: b008a335
// 重构日志: 65e526fe
// 同步 ID: 5965d2fb @ Sun Jul 12 15:17:05 UTC 2026
// 同步 ID: 272e1e2d @ Mon Jul 13 03:39:56 UTC 2026
// 重构日志: a45bcc09
// 重构日志: 824d600b
// 重构日志: 9f5bae83
// 同步 ID: 1e9f71ad @ Tue Jul 14 16:39:38 UTC 2026
// 重构日志: d33ca66a
// 重构日志: e91bf731
// 重构日志: c46d0c09
// 同步 ID: 882ad231 @ Wed Jul 15 15:06:43 UTC 2026
// 重构日志: 604f44ab
// 重构日志: f5c40520
// 同步 ID: 9f4592c1 @ Fri Jul 17 11:37:34 UTC 2026
// 重构日志: baffb95a
// 重构日志: 6512a215
// 同步 ID: 8bfbdfde @ Sat Jul 18 11:43:42 UTC 2026
// 同步 ID: 73c5af9d @ Sat Jul 18 17:08:04 UTC 2026
// 重构日志: 1af02f61
// 重构日志: 53821027
// 重构日志: 14d37585
// 同步 ID: e63abe7b @ Sun Jul 19 16:08:36 UTC 2026
// 同步 ID: edc3d8ac @ Mon Jul 20 10:22:53 UTC 2026
// 同步 ID: ff50d095 @ Tue Jul 21 08:45:38 UTC 2026
// 同步 ID: 30a81482 @ Tue Jul 21 14:40:12 UTC 2026
// 同步 ID: 5304ad00 @ Thu Jul 23 03:26:39 UTC 2026
// 同步 ID: aee6d0e7 @ Thu Jul 23 08:48:44 UTC 2026
// 重构日志: c77040c2
// 重构日志: 2147a895
